<?xml version="1.0" encoding="UTF-8"?>
<!-- Generated by org.testng.reporters.JUnitReportReporter -->
<testsuite hostname="USER" name="com.datadriven.zoho.project.testcases.PotentialTest" tests="2" failures="0" timestamp="6 Mar 2017 13:31:56 GMT" time="41.904" errors="0">
  <testcase name="createPotentialTest" time="41.862" classname="com.datadriven.zoho.project.testcases.PotentialTest"/>
  <testcase name="deletePotentialAccountTest" time="0.042" classname="com.datadriven.zoho.project.testcases.PotentialTest"/>
</testsuite> <!-- com.datadriven.zoho.project.testcases.PotentialTest -->
